<?xml version="1.0" encoding="UTF-8"?>
<!-- Generated by org.testng.reporters.JUnitReportReporter -->
<testsuite hostname="Rawal-PC" name="maven123.Test1234" tests="1" failures="0" timestamp="18 Jun 2019 06:29:30 GMT" time="0.014" errors="0">
  <testcase name="m1" time="0.014" classname="maven123.Test1234"/>
</testsuite> <!-- maven123.Test1234 -->
