<?xml version="1.0" encoding="UTF-8"?>
<!-- Generated by org.testng.reporters.JUnitReportReporter -->
<testsuite hostname="Rawal-PC" name="maven123.Test1234" tests="1" failures="0" timestamp="19 Jun 2019 12:28:18 GMT" time="0.009" errors="0">
  <testcase name="m1" time="0.009" classname="maven123.Test1234"/>
</testsuite> <!-- maven123.Test1234 -->
